[debug] [2025-05-07T20:41:31.521Z] ----------------------------------------------------------------------
[debug] [2025-05-07T20:41:31.523Z] Command:       C:\Program Files\nodejs\node.exe C:\Users\Ramyy\AppData\Roaming\npm\node_modules\firebase-tools\lib\bin\firebase.js init functions
[debug] [2025-05-07T20:41:31.523Z] CLI Version:   14.2.2
[debug] [2025-05-07T20:41:31.523Z] Platform:      win32
[debug] [2025-05-07T20:41:31.523Z] Node Version:  v22.15.0
[debug] [2025-05-07T20:41:31.523Z] Time:          Wed May 07 2025 13:41:31 GMT-0700 (Pacific Daylight Time)
[debug] [2025-05-07T20:41:31.523Z] ----------------------------------------------------------------------
[debug] 
[debug] [2025-05-07T20:41:31.621Z] > command requires scopes: ["email","openid","https://www.googleapis.com/auth/cloudplatformprojects.readonly","https://www.googleapis.com/auth/firebase","https://www.googleapis.com/auth/cloud-platform"]
[debug] [2025-05-07T20:41:31.622Z] > authorizing via signed-in user (ramyyatim7@gmail.com)
[info] 
     ######## #### ########  ######## ########     ###     ######  ########
     ##        ##  ##     ## ##       ##     ##  ##   ##  ##       ##
     ######    ##  ########  ######   ########  #########  ######  ######
     ##        ##  ##    ##  ##       ##     ## ##     ##       ## ##
     ##       #### ##     ## ######## ########  ##     ##  ######  ########

You're about to initialize a Firebase project in this directory:

  C:\Users\Ramyy\patrolsmart-core

Before we get started, keep in mind:

  * You are initializing within an existing Firebase project directory

[info] 
=== Project Setup
[info] 
[info] First, let's associate this project directory with a Firebase project.
[info] You can create multiple project aliases by running firebase use --add, 
[info] but for now we'll just set up a default project.
[info] 
[debug] [2025-05-07T20:41:42.814Z] Using project from CLI flag: patrolsmart-core
[debug] [2025-05-07T20:41:42.815Z] Checked if tokens are valid: true, expires at: 1746653780524
[debug] [2025-05-07T20:41:42.815Z] Checked if tokens are valid: true, expires at: 1746653780524
[debug] [2025-05-07T20:41:42.815Z] >>> [apiv2][query] GET https://firebase.googleapis.com/v1beta1/projects/patrolsmart-core [none]
[debug] [2025-05-07T20:41:43.176Z] <<< [apiv2][status] GET https://firebase.googleapis.com/v1beta1/projects/patrolsmart-core 200
[debug] [2025-05-07T20:41:43.176Z] <<< [apiv2][body] GET https://firebase.googleapis.com/v1beta1/projects/patrolsmart-core {"projectId":"patrolsmart-core","projectNumber":"162220096893","displayName":"patrolsmart-core","name":"projects/patrolsmart-core","resources":{"hostingSite":"patrolsmart-core"},"state":"ACTIVE","etag":"1_2c4c2879-bf1b-4637-ae5d-38d1a78c2055"}
[info] i  Using project patrolsmart-core (patrolsmart-core) 
[info] 
=== Functions Setup
[debug] [2025-05-07T20:41:43.183Z] > command requires scopes: ["email","openid","https://www.googleapis.com/auth/cloudplatformprojects.readonly","https://www.googleapis.com/auth/firebase","https://www.googleapis.com/auth/cloud-platform"]
[debug] [2025-05-07T20:41:43.184Z] > authorizing via signed-in user (ramyyatim7@gmail.com)
[debug] [2025-05-07T20:41:43.184Z] [iam] checking project patrolsmart-core for permissions ["firebase.projects.get"]
[debug] [2025-05-07T20:41:43.184Z] Checked if tokens are valid: true, expires at: 1746653780524
[debug] [2025-05-07T20:41:43.184Z] Checked if tokens are valid: true, expires at: 1746653780524
[debug] [2025-05-07T20:41:43.184Z] >>> [apiv2][query] POST https://cloudresourcemanager.googleapis.com/v1/projects/patrolsmart-core:testIamPermissions [none]
[debug] [2025-05-07T20:41:43.184Z] >>> [apiv2][(partial)header] POST https://cloudresourcemanager.googleapis.com/v1/projects/patrolsmart-core:testIamPermissions x-goog-quota-user=projects/patrolsmart-core
[debug] [2025-05-07T20:41:43.184Z] >>> [apiv2][body] POST https://cloudresourcemanager.googleapis.com/v1/projects/patrolsmart-core:testIamPermissions {"permissions":["firebase.projects.get"]}
[debug] [2025-05-07T20:41:43.664Z] <<< [apiv2][status] POST https://cloudresourcemanager.googleapis.com/v1/projects/patrolsmart-core:testIamPermissions 200
[debug] [2025-05-07T20:41:43.664Z] <<< [apiv2][body] POST https://cloudresourcemanager.googleapis.com/v1/projects/patrolsmart-core:testIamPermissions {"permissions":["firebase.projects.get"]}
[debug] [2025-05-07T20:41:43.665Z] Checked if tokens are valid: true, expires at: 1746653780524
[debug] [2025-05-07T20:41:43.665Z] Checked if tokens are valid: true, expires at: 1746653780524
[debug] [2025-05-07T20:41:43.665Z] Checked if tokens are valid: true, expires at: 1746653780524
[debug] [2025-05-07T20:41:43.665Z] Checked if tokens are valid: true, expires at: 1746653780524
[debug] [2025-05-07T20:41:43.665Z] >>> [apiv2][query] GET https://serviceusage.googleapis.com/v1/projects/patrolsmart-core/services/cloudfunctions.googleapis.com [none]
[debug] [2025-05-07T20:41:43.665Z] >>> [apiv2][(partial)header] GET https://serviceusage.googleapis.com/v1/projects/patrolsmart-core/services/cloudfunctions.googleapis.com x-goog-quota-user=projects/patrolsmart-core
[debug] [2025-05-07T20:41:43.666Z] >>> [apiv2][query] GET https://serviceusage.googleapis.com/v1/projects/patrolsmart-core/services/runtimeconfig.googleapis.com [none]
[debug] [2025-05-07T20:41:43.667Z] >>> [apiv2][(partial)header] GET https://serviceusage.googleapis.com/v1/projects/patrolsmart-core/services/runtimeconfig.googleapis.com x-goog-quota-user=projects/patrolsmart-core
[debug] [2025-05-07T20:41:44.260Z] <<< [apiv2][status] GET https://serviceusage.googleapis.com/v1/projects/patrolsmart-core/services/runtimeconfig.googleapis.com 200
[debug] [2025-05-07T20:41:44.260Z] <<< [apiv2][body] GET https://serviceusage.googleapis.com/v1/projects/patrolsmart-core/services/runtimeconfig.googleapis.com [omitted]
[debug] [2025-05-07T20:41:44.440Z] <<< [apiv2][status] GET https://serviceusage.googleapis.com/v1/projects/patrolsmart-core/services/cloudfunctions.googleapis.com 200
[debug] [2025-05-07T20:41:44.440Z] <<< [apiv2][body] GET https://serviceusage.googleapis.com/v1/projects/patrolsmart-core/services/cloudfunctions.googleapis.com [omitted]
[info] 
Detected existing codebase(s): default

